AH00558: httpd.exe: Could not reliably determine the server's fully qualified domain name, using fe80::1478:a73f:4333:e158. Set the 'ServerName' directive globally to suppress this message
[Fri Nov 02 17:48:45.800768 2018] [mpm_winnt:notice] [pid 15524:tid 416] AH00455: Apache/2.4.34 (Win64) configured -- resuming normal operations
[Fri Nov 02 17:48:45.801768 2018] [mpm_winnt:notice] [pid 15524:tid 416] AH00456: Apache Lounge VC15 Server built: Aug 15 2018 11:38:51
[Fri Nov 02 17:48:45.801768 2018] [core:notice] [pid 15524:tid 416] AH00094: Command line: 'C:\\Apache24\\bin\\httpd.exe -d C:/Apache24'
[Fri Nov 02 17:48:45.806768 2018] [mpm_winnt:notice] [pid 15524:tid 416] AH00418: Parent: Created child process 18556
AH00558: httpd.exe: Could not reliably determine the server's fully qualified domain name, using fe80::1478:a73f:4333:e158. Set the 'ServerName' directive globally to suppress this message
Apache server shutdown initiated...
ly determine the server's fully qualified domain name, using fe80::1478:a73f:4333:e158. Set the 'ServerName' directive globally to suppress this message
[Fri Nov 02 17:48:47.902888 2018] [mpm_winnt:notice] [pid 18556:tid 432] AH00354: Child: Starting 64 worker threads.
[Fri Nov 02 17:51:41.963844 2018] [mpm_winnt:notice] [pid 15524:tid 416] AH00422: Parent: Received shutdown signal -- Shutting down the server.
[Fri Nov 02 17:51:43.963958 2018] [mpm_winnt:notice] [pid 18556:tid 432] AH00364: Child: All worker threads have exited.
[Fri Nov 02 17:51:44.047963 2018] [mpm_winnt:notice] [pid 15524:tid 416] AH00430: Parent: Child process 18556 exited successfully.
[Fri Nov 02 17:52:14.831724 2018] [mpm_winnt:notice] [pid 19292:tid 216] AH00455: Apache/2.4.34 (Win64) configured -- resuming normal operations
[Fri Nov 02 17:52:14.832724 2018] [mpm_winnt:notice] [pid 19292:tid 216] AH00456: Apache Lounge VC15 Server built: Aug 15 2018 11:38:51
[Fri Nov 02 17:52:14.832724 2018] [core:notice] [pid 19292:tid 216] AH00094: Command line: 'C:\\Apache24\\bin\\httpd.exe -d C:/Apache24'
[Fri Nov 02 17:52:14.843724 2018] [mpm_winnt:notice] [pid 19292:tid 216] AH00418: Parent: Created child process 10248
Apache server shutdown initiated...
pm_winnt:notice] [pid 10248:tid 232] AH00354: Child: Starting 64 worker threads.
[Fri Nov 02 17:52:29.410558 2018] [mpm_winnt:notice] [pid 19292:tid 216] AH00422: Parent: Received shutdown signal -- Shutting down the server.
[Fri Nov 02 17:52:36.411958 2018] [mpm_winnt:notice] [pid 10248:tid 232] AH00364: Child: All worker threads have exited.
[Fri Nov 02 17:52:47.643600 2018] [core:warn] [pid 18120:tid 196] AH00098: pid file C:/Apache24/logs/httpd.pid overwritten -- Unclean shutdown of previous Apache run?
[Fri Nov 02 17:52:47.647601 2018] [mpm_winnt:notice] [pid 18120:tid 196] AH00455: Apache/2.4.34 (Win64) configured -- resuming normal operations
[Fri Nov 02 17:52:47.647601 2018] [mpm_winnt:notice] [pid 18120:tid 196] AH00456: Apache Lounge VC15 Server built: Aug 15 2018 11:38:51
[Fri Nov 02 17:52:47.647601 2018] [core:notice] [pid 18120:tid 196] AH00094: Command line: 'C:\\Apache24\\bin\\httpd.exe -d C:/Apache24'
[Fri Nov 02 17:52:47.652601 2018] [mpm_winnt:notice] [pid 18120:tid 196] AH00418: Parent: Created child process 18376
Apache server shutdown initiated...
pm_winnt:notice] [pid 18376:tid 232] AH00354: Child: Starting 64 worker threads.
[Fri Nov 02 17:57:31.712848 2018] [mpm_winnt:notice] [pid 18120:tid 196] AH00422: Parent: Received shutdown signal -- Shutting down the server.
AH00558: httpd.exe: Could not reliably determine the server's fully qualified domain name, using fe80::1478:a73f:4333:e158. Set the 'ServerName' directive globally to suppress this message
[Fri Nov 02 17:57:41.778424 2018] [core:warn] [pid 18132:tid 404] AH00098: pid file C:/Apache24/logs/httpd.pid overwritten -- Unclean shutdown of previous Apache run?
[Fri Nov 02 17:57:41.781424 2018] [mpm_winnt:notice] [pid 18132:tid 404] AH00455: Apache/2.4.34 (Win64) configured -- resuming normal operations
[Fri Nov 02 17:57:41.781424 2018] [mpm_winnt:notice] [pid 18132:tid 404] AH00456: Apache Lounge VC15 Server built: Aug 15 2018 11:38:51
[Fri Nov 02 17:57:41.781424 2018] [core:notice] [pid 18132:tid 404] AH00094: Command line: 'C:\\Users\\Administrator\\Desktop\\windows(X64)\xe4\xb8\x8b\xe5\xae\x89\xe8\xa3\x85apche2.4+php7.2+mysql5.7\\httpd-2.4.34-win64-VC15_\xe6\x9c\xaa\xe5\xae\x89\xe8\xa3\x85\xe6\x88\x90\xe5\x8a\x9f_\xe6\x8f\x90\xe7\xa4\xba\xe5\x85\xb3\xe4\xba\x8edll\xe9\x94\x99\xe8\xaf\xaf\\Apache24\\bin\\httpd.exe -d C:/Users/Administrator/Desktop/windows(X64)\xe4\xb8\x8b\xe5\xae\x89\xe8\xa3\x85apche2.4+php7.2+mysql5.7/httpd-2.4.34-win64-VC15_\xe6\x9c\xaa\xe5\xae\x89\xe8\xa3\x85\xe6\x88\x90\xe5\x8a\x9f_\xe6\x8f\x90\xe7\xa4\xba\xe5\x85\xb3\xe4\xba\x8edll\xe9\x94\x99\xe8\xaf\xaf/Apache24'
[Fri Nov 02 17:57:41.787424 2018] [mpm_winnt:notice] [pid 18132:tid 404] AH00418: Parent: Created child process 10380
AH00558: httpd.exe: Could not reliably determine the server's fully qualified domain name, using fe80::1478:a73f:4333:e158. Set the 'ServerName' directive globally to suppress this message
Apache server shutdown initiated...
ly determine the server's fully qualified domain name, using fe80::1478:a73f:4333:e158. Set the 'ServerName' directive globally to suppress this message
[Fri Nov 02 17:57:43.993551 2018] [mpm_winnt:notice] [pid 10380:tid 432] AH00354: Child: Starting 64 worker threads.
[Fri Nov 02 18:00:14.135138 2018] [mpm_winnt:notice] [pid 18132:tid 404] AH00422: Parent: Received shutdown signal -- Shutting down the server.
[Fri Nov 02 18:00:16.136253 2018] [mpm_winnt:notice] [pid 10380:tid 432] AH00364: Child: All worker threads have exited.
[Fri Nov 02 18:00:16.152254 2018] [mpm_winnt:notice] [pid 18132:tid 404] AH00430: Parent: Child process 10380 exited successfully.
[Fri Nov 02 18:03:34.599500 2018] [mpm_winnt:notice] [pid 19128:tid 252] AH00455: Apache/2.4.34 (Win64) PHP/7.2.9 configured -- resuming normal operations
[Fri Nov 02 18:03:34.599500 2018] [mpm_winnt:notice] [pid 19128:tid 252] AH00456: Apache Lounge VC15 Server built: Aug 15 2018 11:38:51
[Fri Nov 02 18:03:34.599500 2018] [core:notice] [pid 19128:tid 252] AH00094: Command line: 'C:\\Apache24\\bin\\httpd.exe -d C:/Apache24'
[Fri Nov 02 18:03:34.604500 2018] [mpm_winnt:notice] [pid 19128:tid 252] AH00418: Parent: Created child process 18832
[Fri Nov 02 18:03:36.820627 2018] [mpm_winnt:notice] [pid 18832:tid 268] AH00354: Child: Starting 64 worker threads.
AH00112: Warning: DocumentRoot [C:/Apache24/docs/dummy-host.example.com] does not exist
AH00112: Warning: DocumentRoot [C:/Apache24/docs/dummy-host2.example.com] does not exist
[Sat Nov 03 09:25:01.356142 2018] [core:warn] [pid 728:tid 176] AH00098: pid file C:/Apache24/logs/httpd.pid overwritten -- Unclean shutdown of previous Apache run?
[Sat Nov 03 09:25:01.637158 2018] [mpm_winnt:notice] [pid 728:tid 176] AH00455: Apache/2.4.34 (Win64) PHP/7.2.9 configured -- resuming normal operations
[Sat Nov 03 09:25:01.637158 2018] [mpm_winnt:notice] [pid 728:tid 176] AH00456: Apache Lounge VC15 Server built: Aug 15 2018 11:38:51
[Sat Nov 03 09:25:01.637158 2018] [core:notice] [pid 728:tid 176] AH00094: Command line: 'C:\\Apache24\\bin\\httpd.exe -d C:/Apache24'
[Sat Nov 03 09:25:01.644159 2018] [mpm_winnt:notice] [pid 728:tid 176] AH00418: Parent: Created child process 3300
AH00112: Warning: DocumentRoot [C:/Apache24/docs/dummy-host.example.com] does not exist
AH00112: Warning: DocumentRoot [C:/Apache24/docs/dummy-host2.example.com] does not exist
AH00112: Warning: DocumentRoot [C:/Apache24/docs/dummy-host.example.com] does not exist
AH00112: Warning: DocumentRoot [C:/Apache24/docs/dummy-host2.example.com] does not exist
[Sat Nov 03 09:25:04.396316 2018] [mpm_winnt:notice] [pid 3300:tid 284] AH00354: Child: Starting 64 worker threads.
[Sat Nov 03 09:26:23.034814 2018] [mpm_winnt:crit] [pid 3300:tid 284] AH02538: Child: Parent process exited abruptly. Child process is ending
[Sat Nov 03 09:26:23.036814 2018] [mpm_winnt:warn] [pid 3300:tid 264] (OS 995)由于线程退出或应用程序请求，已中止 I/O 操作。  : AH00341: winnt_accept: Asynchronous AcceptEx failed.
[Sat Nov 03 09:26:23.036814 2018] [mpm_winnt:warn] [pid 3300:tid 4] (OS 995)由于线程退出或应用程序请求，已中止 I/O 操作。  : AH00341: winnt_accept: Asynchronous AcceptEx failed.
AH00112: Warning: DocumentRoot [C:/Apache24/docs/dummy-host.example.com] does not exist
AH00112: Warning: DocumentRoot [C:/Apache24/docs/dummy-host2.example.com] does not exist
[Sat Nov 03 09:30:49.740069 2018] [core:warn] [pid 10712:tid 176] AH00098: pid file C:/Apache24/logs/httpd.pid overwritten -- Unclean shutdown of previous Apache run?
[Sat Nov 03 09:30:49.748069 2018] [mpm_winnt:notice] [pid 10712:tid 176] AH00455: Apache/2.4.34 (Win64) PHP/7.2.9 configured -- resuming normal operations
[Sat Nov 03 09:30:49.748069 2018] [mpm_winnt:notice] [pid 10712:tid 176] AH00456: Apache Lounge VC15 Server built: Aug 15 2018 11:38:51
[Sat Nov 03 09:30:49.748069 2018] [core:notice] [pid 10712:tid 176] AH00094: Command line: 'C:\\Apache24\\bin\\httpd.exe -d C:/Apache24'
[Sat Nov 03 09:30:49.753070 2018] [mpm_winnt:notice] [pid 10712:tid 176] AH00418: Parent: Created child process 6904
AH00112: Warning: DocumentRoot [C:/Apache24/docs/dummy-host.example.com] does not exist
AH00112: Warning: DocumentRoot [C:/Apache24/docs/dummy-host2.example.com] does not exist
Apache server shutdown initiated...
pache24/docs/dummy-host.example.com] does not exist
AH00112: Warning: DocumentRoot [C:/Apache24/docs/dummy-host2.example.com] does not exist
[Sat Nov 03 09:30:51.838189 2018] [mpm_winnt:notice] [pid 6904:tid 284] AH00354: Child: Starting 64 worker threads.
[Sat Nov 03 09:32:12.934827 2018] [mpm_winnt:notice] [pid 10712:tid 176] AH00422: Parent: Received shutdown signal -- Shutting down the server.
AH00112: Warning: DocumentRoot [C:/Apache24/docs/dummy-host2.example.com] does not exist
[Sat Nov 03 09:32:26.362595 2018] [core:warn] [pid 8736:tid 176] AH00098: pid file C:/Apache24/logs/httpd.pid overwritten -- Unclean shutdown of previous Apache run?
[Sat Nov 03 09:32:26.370596 2018] [mpm_winnt:notice] [pid 8736:tid 176] AH00455: Apache/2.4.34 (Win64) PHP/7.2.9 configured -- resuming normal operations
[Sat Nov 03 09:32:26.370596 2018] [mpm_winnt:notice] [pid 8736:tid 176] AH00456: Apache Lounge VC15 Server built: Aug 15 2018 11:38:51
[Sat Nov 03 09:32:26.370596 2018] [core:notice] [pid 8736:tid 176] AH00094: Command line: 'C:\\Apache24\\bin\\httpd.exe -d C:/Apache24'
[Sat Nov 03 09:32:26.374596 2018] [mpm_winnt:notice] [pid 8736:tid 176] AH00418: Parent: Created child process 1172
AH00112: Warning: DocumentRoot [C:/Apache24/docs/dummy-host2.example.com] does not exist
AH00112: Warning: DocumentRoot [C:/Apache24/docs/dummy-host2.example.com] does not exist
[Sat Nov 03 09:32:28.411713 2018] [mpm_winnt:notice] [pid 1172:tid 276] AH00354: Child: Starting 64 worker threads.
[Sat Nov 03 09:32:33.082980 2018] [mpm_winnt:notice] [pid 6904:tid 284] AH00364: Child: All worker threads have exited.
[Sat Nov 03 09:32:45.342681 2018] [php7:notice] [pid 1172:tid 800] [client 127.0.0.1:51216] An Error occurred while handling another error:\nyii\\web\\HeadersAlreadySentException: Headers already sent in D:\\WWW\\basic\\common\\function.php on line 7. in D:\\WWW\\basic\\vendor\\yiisoft\\yii2\\web\\Response.php:366\nStack trace:\n#0 D:\\WWW\\basic\\vendor\\yiisoft\\yii2\\web\\Response.php(339): yii\\web\\Response->sendHeaders()\n#1 D:\\WWW\\basic\\vendor\\yiisoft\\yii2\\web\\ErrorHandler.php(135): yii\\web\\Response->send()\n#2 D:\\WWW\\basic\\vendor\\yiisoft\\yii2\\base\\ErrorHandler.php(111): yii\\web\\ErrorHandler->renderException(Object(yii\\web\\HeadersAlreadySentException))\n#3 [internal function]: yii\\base\\ErrorHandler->handleException(Object(yii\\web\\HeadersAlreadySentException))\n#4 {main}\nPrevious exception:\nyii\\web\\HeadersAlreadySentException: Headers already sent in D:\\WWW\\basic\\common\\function.php on line 7. in D:\\WWW\\basic\\vendor\\yiisoft\\yii2\\web\\Response.php:366\nStack trace:\n#0 D:\\WWW\\basic\\vendor\\yiisoft\\yii2\\web\\Response.php(339): yii\\web\\Response->sendHeaders()\n#1 D:\\WWW\\basic\\vendor\\yiisoft\\yii2\\base\\Application.php(392): yii\\web\\Response->send()\n#2 D:\\WWW\\basic\\web\\index.php(13): yii\\base\\Application->run()\n#3 {main}\n$_SERVER = [\n    'HTTP_HOST' => 'www.yii2.com',\n    'HTTP_CONNECTION' => 'keep-alive',\n    'HTTP_UPGRADE_INSECURE_REQUESTS' => '1',\n    'HTTP_USER_AGENT' => 'Mozilla/5.0 (Windows NT 6.1; Win64; x64) AppleWebKit/537.36 (KHTML, like Gecko) Chrome/68.0.3440.106 Safari/537.36',\n    'HTTP_ACCEPT' => 'text/html,application/xhtml+xml,application/xml;q=0.9,image/webp,image/apng,*/*;q=0.8',\n    'HTTP_ACCEPT_ENCODING' => 'gzip, deflate',\n    'HTTP_ACCEPT_LANGUAGE' => 'zh-CN,zh;q=0.9',\n    'HTTP_COOKIE' => 'PHPSESSID=fc8793bd9d3c6f9da26cff0b097bf90b; _csrf=baf5e95dc8a9b015b999ac013e941bb29d10480e5ddc1036e6fc7e35f58910fea%3A2%3A%7Bi%3A0%3Bs%3A5%3A%22_csrf%22%3Bi%3A1%3Bs%3A32%3A%22f7wHDcq3hygwqIYKTpOz87VRxR5IH_t_%22%3B%7D',\n    'PATH' => 'C:\\\\Windows\\\\system32;C:\\\\Windows;C:\\\\Windows\\\\System32\\\\Wbem;C:\\\\Windows\\\\System32\\\\WindowsPowerShell\\\\v1.0\\\\;E:\\\\server\\\\mysql\\\\bin;D:\\\\phpStudy\\\\php54n;F:\\\\Git\\\\cmd;D:\\\\Redis-x64-3.2.100;C:\\\\composer;C:\\\\Program Files (x86)\\\\Subversion\\\\bin;C:\\\\Program Files\\\\TortoiseSVN\\\\bin;C:\\\\Users\\\\Administrator\\\\AppData\\\\Roaming\\\\Composer\\\\vendor\\\\bin',\n    'SystemRoot' => 'C:\\\\Windows',\n    'PATHEXT' => '.COM;.EXE;.BAT;.CMD;.VBS;.VBE;.JS;.JSE;.WSF;.WSH;.MSC',\n    'WINDIR' => 'C:\\\\Windows',\n    'SERVER_SIGNATURE' => '',\n    'SERVER_SOFTWARE' => 'Apache/2.4.34 (Win64) PHP/7.2.9',\n    'SERVER_NAME' => 'www.yii2.com',\n    'SERVER_ADDR' => '127.0.0.1',\n    'SERVER_PORT' => '80',\n    'REMOTE_ADDR' => '127.0.0.1',\n    'DOCUMENT_ROOT' => 'D:/WWW/basic/web',\n    'REQUEST_SCHEME' => 'http',\n    'CONTEXT_PREFIX' => '',\n    'CONTEXT_DOCUMENT_ROOT' => 'D:/WWW/basic/web',\n    'SERVER_ADMIN' => 'admin@example.com',\n    'SCRIPT_FILENAME' => 'D:/WWW/basic/web/index.php',\n    'REMOTE_PORT' => '51216',\n    'GATEWAY_INTERFACE' => 'CGI/1.1',\n    'SERVER_PROTOCOL' => 'HTTP/1.1',\n    'REQUEST_METHOD' => 'GET',\n    'QUERY_STRING' => 'r=site/path',\n    'REQUEST_URI' => '/index.php?r=site/path',\n    'SCRIPT_NAME' => '/index.php',\n    'PHP_SELF' => '/index.php',\n    'REQUEST_TIME_FLOAT' => 1541208765.186,\n    'REQUEST_TIME' => 1541208765,\n    'argv' => [\n        'r=site/path',\n    ],\n    'argc' => 1,\n]
[Sat Nov 03 09:34:16.801912 2018] [php7:notice] [pid 1172:tid 800] [client 127.0.0.1:51249] An Error occurred while handling another error:\nyii\\web\\HeadersAlreadySentException: Headers already sent in D:\\WWW\\basic\\controllers\\SiteController.php on line 158. in D:\\WWW\\basic\\vendor\\yiisoft\\yii2\\web\\Response.php:366\nStack trace:\n#0 D:\\WWW\\basic\\vendor\\yiisoft\\yii2\\web\\Response.php(339): yii\\web\\Response->sendHeaders()\n#1 D:\\WWW\\basic\\vendor\\yiisoft\\yii2\\web\\ErrorHandler.php(135): yii\\web\\Response->send()\n#2 D:\\WWW\\basic\\vendor\\yiisoft\\yii2\\base\\ErrorHandler.php(111): yii\\web\\ErrorHandler->renderException(Object(yii\\web\\HeadersAlreadySentException))\n#3 [internal function]: yii\\base\\ErrorHandler->handleException(Object(yii\\web\\HeadersAlreadySentException))\n#4 {main}\nPrevious exception:\nyii\\web\\HeadersAlreadySentException: Headers already sent in D:\\WWW\\basic\\controllers\\SiteController.php on line 158. in D:\\WWW\\basic\\vendor\\yiisoft\\yii2\\web\\Response.php:366\nStack trace:\n#0 D:\\WWW\\basic\\vendor\\yiisoft\\yii2\\web\\Response.php(339): yii\\web\\Response->sendHeaders()\n#1 D:\\WWW\\basic\\vendor\\yiisoft\\yii2\\base\\Application.php(392): yii\\web\\Response->send()\n#2 D:\\WWW\\basic\\web\\index.php(13): yii\\base\\Application->run()\n#3 {main}\n$_SERVER = [\n    'HTTP_HOST' => 'www.yii2.com',\n    'HTTP_CONNECTION' => 'keep-alive',\n    'HTTP_UPGRADE_INSECURE_REQUESTS' => '1',\n    'HTTP_USER_AGENT' => 'Mozilla/5.0 (Windows NT 6.1; Win64; x64) AppleWebKit/537.36 (KHTML, like Gecko) Chrome/68.0.3440.106 Safari/537.36',\n    'HTTP_ACCEPT' => 'text/html,application/xhtml+xml,application/xml;q=0.9,image/webp,image/apng,*/*;q=0.8',\n    'HTTP_ACCEPT_ENCODING' => 'gzip, deflate',\n    'HTTP_ACCEPT_LANGUAGE' => 'zh-CN,zh;q=0.9',\n    'HTTP_COOKIE' => 'PHPSESSID=fc8793bd9d3c6f9da26cff0b097bf90b; _csrf=baf5e95dc8a9b015b999ac013e941bb29d10480e5ddc1036e6fc7e35f58910fea%3A2%3A%7Bi%3A0%3Bs%3A5%3A%22_csrf%22%3Bi%3A1%3Bs%3A32%3A%22f7wHDcq3hygwqIYKTpOz87VRxR5IH_t_%22%3B%7D',\n    'PATH' => 'C:\\\\Windows\\\\system32;C:\\\\Windows;C:\\\\Windows\\\\System32\\\\Wbem;C:\\\\Windows\\\\System32\\\\WindowsPowerShell\\\\v1.0\\\\;E:\\\\server\\\\mysql\\\\bin;D:\\\\phpStudy\\\\php54n;F:\\\\Git\\\\cmd;D:\\\\Redis-x64-3.2.100;C:\\\\composer;C:\\\\Program Files (x86)\\\\Subversion\\\\bin;C:\\\\Program Files\\\\TortoiseSVN\\\\bin;C:\\\\Users\\\\Administrator\\\\AppData\\\\Roaming\\\\Composer\\\\vendor\\\\bin',\n    'SystemRoot' => 'C:\\\\Windows',\n    'PATHEXT' => '.COM;.EXE;.BAT;.CMD;.VBS;.VBE;.JS;.JSE;.WSF;.WSH;.MSC',\n    'WINDIR' => 'C:\\\\Windows',\n    'SERVER_SIGNATURE' => '',\n    'SERVER_SOFTWARE' => 'Apache/2.4.34 (Win64) PHP/7.2.9',\n    'SERVER_NAME' => 'www.yii2.com',\n    'SERVER_ADDR' => '127.0.0.1',\n    'SERVER_PORT' => '80',\n    'REMOTE_ADDR' => '127.0.0.1',\n    'DOCUMENT_ROOT' => 'D:/WWW/basic/web',\n    'REQUEST_SCHEME' => 'http',\n    'CONTEXT_PREFIX' => '',\n    'CONTEXT_DOCUMENT_ROOT' => 'D:/WWW/basic/web',\n    'SERVER_ADMIN' => 'admin@example.com',\n    'SCRIPT_FILENAME' => 'D:/WWW/basic/web/index.php',\n    'REMOTE_PORT' => '51249',\n    'GATEWAY_INTERFACE' => 'CGI/1.1',\n    'SERVER_PROTOCOL' => 'HTTP/1.1',\n    'REQUEST_METHOD' => 'GET',\n    'QUERY_STRING' => 'r=site/request',\n    'REQUEST_URI' => '/index.php?r=site/request',\n    'SCRIPT_NAME' => '/index.php',\n    'PHP_SELF' => '/index.php',\n    'REQUEST_TIME_FLOAT' => 1541208856.71,\n    'REQUEST_TIME' => 1541208856,\n    'argv' => [\n        'r=site/request',\n    ],\n    'argc' => 1,\n]
[Sat Nov 03 09:34:27.491523 2018] [php7:notice] [pid 1172:tid 800] [client 127.0.0.1:51258] An Error occurred while handling another error:\nyii\\web\\HeadersAlreadySentException: Headers already sent in D:\\WWW\\basic\\controllers\\SiteController.php on line 158. in D:\\WWW\\basic\\vendor\\yiisoft\\yii2\\web\\Response.php:366\nStack trace:\n#0 D:\\WWW\\basic\\vendor\\yiisoft\\yii2\\web\\Response.php(339): yii\\web\\Response->sendHeaders()\n#1 D:\\WWW\\basic\\vendor\\yiisoft\\yii2\\web\\ErrorHandler.php(135): yii\\web\\Response->send()\n#2 D:\\WWW\\basic\\vendor\\yiisoft\\yii2\\base\\ErrorHandler.php(111): yii\\web\\ErrorHandler->renderException(Object(yii\\web\\HeadersAlreadySentException))\n#3 [internal function]: yii\\base\\ErrorHandler->handleException(Object(yii\\web\\HeadersAlreadySentException))\n#4 {main}\nPrevious exception:\nyii\\web\\HeadersAlreadySentException: Headers already sent in D:\\WWW\\basic\\controllers\\SiteController.php on line 158. in D:\\WWW\\basic\\vendor\\yiisoft\\yii2\\web\\Response.php:366\nStack trace:\n#0 D:\\WWW\\basic\\vendor\\yiisoft\\yii2\\web\\Response.php(339): yii\\web\\Response->sendHeaders()\n#1 D:\\WWW\\basic\\vendor\\yiisoft\\yii2\\base\\Application.php(392): yii\\web\\Response->send()\n#2 D:\\WWW\\basic\\web\\index.php(13): yii\\base\\Application->run()\n#3 {main}\n$_SERVER = [\n    'HTTP_HOST' => 'www.yii2.com',\n    'HTTP_CONNECTION' => 'keep-alive',\n    'HTTP_CACHE_CONTROL' => 'max-age=0',\n    'HTTP_UPGRADE_INSECURE_REQUESTS' => '1',\n    'HTTP_USER_AGENT' => 'Mozilla/5.0 (Windows NT 6.1; Win64; x64) AppleWebKit/537.36 (KHTML, like Gecko) Chrome/68.0.3440.106 Safari/537.36',\n    'HTTP_ACCEPT' => 'text/html,application/xhtml+xml,application/xml;q=0.9,image/webp,image/apng,*/*;q=0.8',\n    'HTTP_ACCEPT_ENCODING' => 'gzip, deflate',\n    'HTTP_ACCEPT_LANGUAGE' => 'zh-CN,zh;q=0.9',\n    'HTTP_COOKIE' => 'PHPSESSID=fc8793bd9d3c6f9da26cff0b097bf90b; _csrf=baf5e95dc8a9b015b999ac013e941bb29d10480e5ddc1036e6fc7e35f58910fea%3A2%3A%7Bi%3A0%3Bs%3A5%3A%22_csrf%22%3Bi%3A1%3Bs%3A32%3A%22f7wHDcq3hygwqIYKTpOz87VRxR5IH_t_%22%3B%7D',\n    'PATH' => 'C:\\\\Windows\\\\system32;C:\\\\Windows;C:\\\\Windows\\\\System32\\\\Wbem;C:\\\\Windows\\\\System32\\\\WindowsPowerShell\\\\v1.0\\\\;E:\\\\server\\\\mysql\\\\bin;D:\\\\phpStudy\\\\php54n;F:\\\\Git\\\\cmd;D:\\\\Redis-x64-3.2.100;C:\\\\composer;C:\\\\Program Files (x86)\\\\Subversion\\\\bin;C:\\\\Program Files\\\\TortoiseSVN\\\\bin;C:\\\\Users\\\\Administrator\\\\AppData\\\\Roaming\\\\Composer\\\\vendor\\\\bin',\n    'SystemRoot' => 'C:\\\\Windows',\n    'PATHEXT' => '.COM;.EXE;.BAT;.CMD;.VBS;.VBE;.JS;.JSE;.WSF;.WSH;.MSC',\n    'WINDIR' => 'C:\\\\Windows',\n    'SERVER_SIGNATURE' => '',\n    'SERVER_SOFTWARE' => 'Apache/2.4.34 (Win64) PHP/7.2.9',\n    'SERVER_NAME' => 'www.yii2.com',\n    'SERVER_ADDR' => '127.0.0.1',\n    'SERVER_PORT' => '80',\n    'REMOTE_ADDR' => '127.0.0.1',\n    'DOCUMENT_ROOT' => 'D:/WWW/basic/web',\n    'REQUEST_SCHEME' => 'http',\n    'CONTEXT_PREFIX' => '',\n    'CONTEXT_DOCUMENT_ROOT' => 'D:/WWW/basic/web',\n    'SERVER_ADMIN' => 'admin@example.com',\n    'SCRIPT_FILENAME' => 'D:/WWW/basic/web/index.php',\n    'REMOTE_PORT' => '51258',\n    'GATEWAY_INTERFACE' => 'CGI/1.1',\n    'SERVER_PROTOCOL' => 'HTTP/1.1',\n    'REQUEST_METHOD' => 'GET',\n    'QUERY_STRING' => 'r=site/request',\n    'REQUEST_URI' => '/index.php?r=site/request',\n    'SCRIPT_NAME' => '/index.php',\n    'PHP_SELF' => '/index.php',\n    'REQUEST_TIME_FLOAT' => 1541208867.393,\n    'REQUEST_TIME' => 1541208867,\n    'argv' => [\n        'r=site/request',\n    ],\n    'argc' => 1,\n]
[Sat Nov 03 09:34:49.805800 2018] [mpm_winnt:crit] [pid 1172:tid 276] AH02538: Child: Parent process exited abruptly. Child process is ending
[Sat Nov 03 09:34:49.809800 2018] [mpm_winnt:warn] [pid 1172:tid 4] (OS 995)由于线程退出或应用程序请求，已中止 I/O 操作。  : AH00341: winnt_accept: Asynchronous AcceptEx failed.
[Sat Nov 03 09:34:49.809800 2018] [mpm_winnt:warn] [pid 1172:tid 256] (OS 995)由于线程退出或应用程序请求，已中止 I/O 操作。  : AH00341: winnt_accept: Asynchronous AcceptEx failed.
